
-------------------------------------------------------------------------------------
ACM_PE2BINx: TXT ACM build tool (PE/COFF EXE -> ACM image), version 10.30 (May 31 2022), (for SKL and newer projects)
Copyright (C) 2015-2021 Intel Corporation (internal use only).  All rights reserved.

Processing ACM Main EXE PE32 file: D:\work\np_seamldr\gnr\po\pr\public\firmware.security.tdx.np-seamldr\seamldr_src\Projects\Server\Emr\\Seamldr\output\REL_NT_O1\EMR_NP_SEAMLDR_REL_NT_O1.exe
Binary dump begins:

     Section       Size (hex)      File_Offset (hex)         Saved/Skipped
    =========      ==========      ================      =======================
    Current output BIN32 file position : 00000000 
    EDATA32         0002F000           00000400           Saved to: D:\work\np_seamldr\gnr\po\pr\public\firmware.security.tdx.np-seamldr\seamldr_src\Projects\Server\Emr\\Seamldr\output\REL_NT_O1\EMR_NP_SEAMLDR_REL_NT_O1.bin
    Current output BIN32 file position : 0002F000 
    .text           00001000           0002E600           Saved to: D:\work\np_seamldr\gnr\po\pr\public\firmware.security.tdx.np-seamldr\seamldr_src\Projects\Server\Emr\\Seamldr\output\REL_NT_O1\EMR_NP_SEAMLDR_REL_NT_O1.bin
    .comment        00000200           0002F000           Skipped
    .reloc          00000200           0002F200           Skipped

    StartOffset=0x0, EndOffset=0x2ffff, biosAcmStart=0x2f0ec (Size=0x30000 bytes)


Processing ACM 64bit EXE PE32+ file: D:\work\np_seamldr\gnr\po\pr\public\firmware.security.tdx.np-seamldr\seamldr_src\Projects\Server\Emr\\Seamldr\output\REL_NT_O1\EMR_NP_SEAMLDR64_REL_NT_O1.exe
Binary dump begins:

     Section       Size (hex)      File_Offset (hex)         Saved/Skipped
    =========      ==========      ================      =======================
    Current output BIN32 file position : 00030000 
    EDATA32         00003000           00000400           Saved to: D:\work\np_seamldr\gnr\po\pr\public\firmware.security.tdx.np-seamldr\seamldr_src\Projects\Server\Emr\\Seamldr\output\REL_NT_O1\EMR_NP_SEAMLDR_REL_NT_O1.bin
    Current output BIN32 file position : 00033000 
    .text           00002000           00002800           Saved to: D:\work\np_seamldr\gnr\po\pr\public\firmware.security.tdx.np-seamldr\seamldr_src\Projects\Server\Emr\\Seamldr\output\REL_NT_O1\EMR_NP_SEAMLDR_REL_NT_O1.bin
    .pdata          00000200           00004400           Skipped
    .comment        00000400           00004600           Skipped
    .reloc          00000200           00004A00           Skipped

    StartOffset=0x30000, EndOffset=0x34fff, Entrypoint=0x33000  (Size=0x34fff bytes)
PE2BIN-ACM COM DATA values:
	32-bit code start                   : 0002F000
	32-bit code end / 64-bit data start : 00030000
	64-bit code start                   : 00033000
	64-bit code end                     : 00034FFF

Total # of relocations=120 (32bit EXE (PE32):119, 64bit EXE (PE32+):1)

Total ACM filesize=217088 bytes   (=0x35000 bytes)
Conversion: D:\work\np_seamldr\gnr\po\pr\public\firmware.security.tdx.np-seamldr\seamldr_src\Projects\Server\Emr\\Seamldr\output\REL_NT_O1\EMR_NP_SEAMLDR_REL_NT_O1.exe + D:\work\np_seamldr\gnr\po\pr\public\firmware.security.tdx.np-seamldr\seamldr_src\Projects\Server\Emr\\Seamldr\output\REL_NT_O1\EMR_NP_SEAMLDR64_REL_NT_O1.exe -> D:\work\np_seamldr\gnr\po\pr\public\firmware.security.tdx.np-seamldr\seamldr_src\Projects\Server\Emr\\Seamldr\output\REL_NT_O1\EMR_NP_SEAMLDR_REL_NT_O1.bin completed  <<<===
Warning: Couldn't locate .pdb file in .rdata section, no ITP command generated.
Warning: Couldn't locate .pdb file in .rdata section, no ITP command generated.
-------------------------------------------------------------------------------------
