
-------------------------------------------------------------------------------------
ACM_PE2BINx: TXT ACM build tool (PE/COFF EXE -> ACM image), version 10.30 (May 31 2022), (for SKL and newer projects)
Copyright (C) 2015-2021 Intel Corporation (internal use only).  All rights reserved.

Processing ACM Main EXE PE32 file: D:\work\np_seamldr\gnr\po\pr\public\firmware.security.tdx.np-seamldr\seamldr_src\Projects\Server\Emr\\Seamldr\output\ENG_TR_O1\EMR_NP_SEAMLDR_ENG_TR_O1.exe
Binary dump begins:

     Section       Size (hex)      File_Offset (hex)         Saved/Skipped
    =========      ==========      ================      =======================
    Current output BIN32 file position : 00000000 
    EDATA32         00035000           00000400           Saved to: D:\work\np_seamldr\gnr\po\pr\public\firmware.security.tdx.np-seamldr\seamldr_src\Projects\Server\Emr\\Seamldr\output\ENG_TR_O1\EMR_NP_SEAMLDR_ENG_TR_O1.bin
    Current output BIN32 file position : 00035000 
    .text           00001000           00034600           Saved to: D:\work\np_seamldr\gnr\po\pr\public\firmware.security.tdx.np-seamldr\seamldr_src\Projects\Server\Emr\\Seamldr\output\ENG_TR_O1\EMR_NP_SEAMLDR_ENG_TR_O1.bin
    .comment        00000200           00035400           Skipped
    .reloc          00000200           00035600           Skipped

    StartOffset=0x0, EndOffset=0x35fff, biosAcmStart=0x350d8 (Size=0x36000 bytes)


Processing ACM 64bit EXE PE32+ file: D:\work\np_seamldr\gnr\po\pr\public\firmware.security.tdx.np-seamldr\seamldr_src\Projects\Server\Emr\\Seamldr\output\ENG_TR_O1\EMR_NP_SEAMLDR64_ENG_TR_O1.exe
Binary dump begins:

     Section       Size (hex)      File_Offset (hex)         Saved/Skipped
    =========      ==========      ================      =======================
    Current output BIN32 file position : 00036000 
    EDATA32         00003000           00000400           Saved to: D:\work\np_seamldr\gnr\po\pr\public\firmware.security.tdx.np-seamldr\seamldr_src\Projects\Server\Emr\\Seamldr\output\ENG_TR_O1\EMR_NP_SEAMLDR_ENG_TR_O1.bin
    Current output BIN32 file position : 00039000 
    .text           00003000           00003000           Saved to: D:\work\np_seamldr\gnr\po\pr\public\firmware.security.tdx.np-seamldr\seamldr_src\Projects\Server\Emr\\Seamldr\output\ENG_TR_O1\EMR_NP_SEAMLDR_ENG_TR_O1.bin
    .pdata          00000200           00005200           Skipped
    .comment        00000400           00005400           Skipped
    .reloc          00000200           00005800           Skipped

    StartOffset=0x36000, EndOffset=0x3bfff, Entrypoint=0x39000  (Size=0x3bfff bytes)
PE2BIN-ACM COM DATA values:
	32-bit code start                   : 00035000
	32-bit code end / 64-bit data start : 00036000
	64-bit code start                   : 00039000
	64-bit code end                     : 0003BFFF

Total # of relocations=142 (32bit EXE (PE32):141, 64bit EXE (PE32+):1)

Total ACM filesize=245760 bytes   (=0x3c000 bytes)
Conversion: D:\work\np_seamldr\gnr\po\pr\public\firmware.security.tdx.np-seamldr\seamldr_src\Projects\Server\Emr\\Seamldr\output\ENG_TR_O1\EMR_NP_SEAMLDR_ENG_TR_O1.exe + D:\work\np_seamldr\gnr\po\pr\public\firmware.security.tdx.np-seamldr\seamldr_src\Projects\Server\Emr\\Seamldr\output\ENG_TR_O1\EMR_NP_SEAMLDR64_ENG_TR_O1.exe -> D:\work\np_seamldr\gnr\po\pr\public\firmware.security.tdx.np-seamldr\seamldr_src\Projects\Server\Emr\\Seamldr\output\ENG_TR_O1\EMR_NP_SEAMLDR_ENG_TR_O1.bin completed  <<<===

ITPII command (saved to ACM_LoadNocode.py):
   load ... D:\work\np_seamldr\gnr\po\pr\public\firmware.security.tdx.np-seamldr\seamldr_src\Projects\Server\Emr\Seamldr\output\ENG_TR_O1\EMR_NP_SEAMLDR_ENG_TR_O1.exe ... at (BIOS_ACM_base - 0x00001000)

ITPII command (saved to ACM_LoadNocode64.py):
   load ... D:\work\np_seamldr\gnr\po\pr\public\firmware.security.tdx.np-seamldr\seamldr_src\Projects\Server\Emr\Seamldr\output\ENG_TR_O1\EMR_NP_SEAMLDR64_ENG_TR_O1.exe ... at (BIOS_ACM_base + 0x00035000)
-------------------------------------------------------------------------------------
